{"D:\\chetan\\namaste react\\lecture 13 - Time for the test\\scr\\constant.js": {"path":"D:\\chetan\\namaste react\\lecture 13 - Time for the test\\scr\\constant.js","statementMap":{"0":{"start":{"line":1,"column":27},"end":{"line":1,"column":118}},"1":{"start":{"line":4,"column":28},"end":{"line":756,"column":1}},"2":{"start":{"line":758,"column":30},"end":{"line":758,"column":110}}},"fnMap":{},"branchMap":{},"s":{"0":1,"1":1,"2":1},"f":{},"b":{},"_coverageSchema":"1a1c01bbd47fc00a2c39e90264f33305004495a9","hash":"232340aadbc49984ab1929913464022ac82bf61f"}
,"D:\\chetan\\namaste react\\lecture 13 - Time for the test\\scr\\components\\Body.js": {"path":"D:\\chetan\\namaste react\\lecture 13 - Time for the test\\scr\\components\\Body.js","statementMap":{"0":{"start":{"line":10,"column":13},"end":{"line":83,"column":1}},"1":{"start":{"line":12,"column":38},"end":{"line":12,"column":50}},"2":{"start":{"line":13,"column":56},"end":{"line":13,"column":68}},"3":{"start":{"line":14,"column":48},"end":{"line":14,"column":60}},"4":{"start":{"line":17,"column":16},"end":{"line":17,"column":39}},"5":{"start":{"line":19,"column":2},"end":{"line":21,"column":8}},"6":{"start":{"line":20,"column":4},"end":{"line":20,"column":20}},"7":{"start":{"line":24,"column":2},"end":{"line":24,"column":35}},"8":{"start":{"line":24,"column":24},"end":{"line":24,"column":35}},"9":{"start":{"line":26,"column":17},"end":{"line":26,"column":153}},"10":{"start":{"line":28,"column":17},"end":{"line":28,"column":34}},"11":{"start":{"line":29,"column":4},"end":{"line":29,"column":59}},"12":{"start":{"line":30,"column":4},"end":{"line":30,"column":63}},"13":{"start":{"line":35,"column":18},"end":{"line":35,"column":29}},"14":{"start":{"line":36,"column":2},"end":{"line":38,"column":3}},"15":{"start":{"line":37,"column":4},"end":{"line":37,"column":53}},"16":{"start":{"line":41,"column":2},"end":{"line":82,"column":3}},"17":{"start":{"line":47,"column":12},"end":{"line":47,"column":41}},"18":{"start":{"line":50,"column":23},"end":{"line":50,"column":62}},"19":{"start":{"line":51,"column":10},"end":{"line":51,"column":38}},"20":{"start":{"line":56,"column":55},"end":{"line":61,"column":10}},"21":{"start":{"line":62,"column":56},"end":{"line":66,"column":10}},"22":{"start":{"line":74,"column":12},"end":{"line":77,"column":22}}},"fnMap":{"0":{"name":"(anonymous_0)","decl":{"start":{"line":10,"column":13},"end":{"line":10,"column":14}},"loc":{"start":{"line":10,"column":25},"end":{"line":83,"column":1}},"line":10},"1":{"name":"(anonymous_1)","decl":{"start":{"line":19,"column":12},"end":{"line":19,"column":13}},"loc":{"start":{"line":19,"column":18},"end":{"line":21,"column":3}},"line":19},"2":{"name":"getRestaurants","decl":{"start":{"line":25,"column":17},"end":{"line":25,"column":31}},"loc":{"start":{"line":25,"column":34},"end":{"line":31,"column":3}},"line":25},"3":{"name":"(anonymous_3)","decl":{"start":{"line":46,"column":20},"end":{"line":46,"column":21}},"loc":{"start":{"line":47,"column":12},"end":{"line":47,"column":41}},"line":47},"4":{"name":"(anonymous_4)","decl":{"start":{"line":49,"column":127},"end":{"line":49,"column":128}},"loc":{"start":{"line":49,"column":133},"end":{"line":54,"column":9}},"line":49},"5":{"name":"(anonymous_5)","decl":{"start":{"line":56,"column":49},"end":{"line":56,"column":50}},"loc":{"start":{"line":56,"column":55},"end":{"line":61,"column":10}},"line":56},"6":{"name":"(anonymous_6)","decl":{"start":{"line":62,"column":50},"end":{"line":62,"column":51}},"loc":{"start":{"line":62,"column":56},"end":{"line":66,"column":10}},"line":62},"7":{"name":"(anonymous_7)","decl":{"start":{"line":72,"column":34},"end":{"line":72,"column":35}},"loc":{"start":{"line":72,"column":48},"end":{"line":78,"column":11}},"line":72}},"branchMap":{"0":{"loc":{"start":{"line":24,"column":2},"end":{"line":24,"column":35}},"type":"if","locations":[{"start":{"line":24,"column":2},"end":{"line":24,"column":35}},{"start":{},"end":{}}],"line":24},"1":{"loc":{"start":{"line":36,"column":2},"end":{"line":38,"column":3}},"type":"if","locations":[{"start":{"line":36,"column":2},"end":{"line":38,"column":3}},{"start":{},"end":{}}],"line":36},"2":{"loc":{"start":{"line":41,"column":9},"end":{"line":82,"column":3}},"type":"cond-expr","locations":[{"start":{"line":42,"column":36},"end":{"line":42,"column":46}},{"start":{"line":43,"column":4},"end":{"line":81,"column":7}}],"line":41}},"s":{"0":1,"1":1,"2":1,"3":1,"4":1,"5":1,"6":1,"7":1,"8":0,"9":1,"10":1,"11":1,"12":1,"13":1,"14":1,"15":0,"16":1,"17":0,"18":0,"19":0,"20":0,"21":0,"22":0},"f":{"0":1,"1":1,"2":1,"3":0,"4":0,"5":0,"6":0,"7":0},"b":{"0":[0,1],"1":[0,1],"2":[1,0]},"_coverageSchema":"1a1c01bbd47fc00a2c39e90264f33305004495a9","hash":"1ff8881cad065cfe15808f54054859f57a616713"}
,"D:\\chetan\\namaste react\\lecture 13 - Time for the test\\scr\\components\\Header.js": {"path":"D:\\chetan\\namaste react\\lecture 13 - Time for the test\\scr\\components\\Header.js","statementMap":{"0":{"start":{"line":10,"column":14},"end":{"line":16,"column":1}},"1":{"start":{"line":11,"column":4},"end":{"line":15,"column":5}},"2":{"start":{"line":21,"column":21},"end":{"line":23,"column":1}},"3":{"start":{"line":22,"column":4},"end":{"line":22,"column":15}},"4":{"start":{"line":26,"column":15},"end":{"line":72,"column":1}},"5":{"start":{"line":28,"column":21},"end":{"line":28,"column":44}},"6":{"start":{"line":30,"column":40},"end":{"line":30,"column":55}},"7":{"start":{"line":33,"column":22},"end":{"line":33,"column":60}},"8":{"start":{"line":33,"column":43},"end":{"line":33,"column":59}},"9":{"start":{"line":34,"column":4},"end":{"line":34,"column":26}},"10":{"start":{"line":36,"column":4},"end":{"line":71,"column":5}},"11":{"start":{"line":66,"column":43},"end":{"line":66,"column":63}},"12":{"start":{"line":67,"column":43},"end":{"line":67,"column":62}}},"fnMap":{"0":{"name":"(anonymous_0)","decl":{"start":{"line":10,"column":14},"end":{"line":10,"column":15}},"loc":{"start":{"line":10,"column":20},"end":{"line":16,"column":1}},"line":10},"1":{"name":"(anonymous_1)","decl":{"start":{"line":21,"column":21},"end":{"line":21,"column":22}},"loc":{"start":{"line":21,"column":27},"end":{"line":23,"column":1}},"line":21},"2":{"name":"(anonymous_2)","decl":{"start":{"line":26,"column":15},"end":{"line":26,"column":16}},"loc":{"start":{"line":26,"column":21},"end":{"line":72,"column":1}},"line":26},"3":{"name":"(anonymous_3)","decl":{"start":{"line":33,"column":34},"end":{"line":33,"column":35}},"loc":{"start":{"line":33,"column":43},"end":{"line":33,"column":59}},"line":33},"4":{"name":"(anonymous_4)","decl":{"start":{"line":66,"column":37},"end":{"line":66,"column":38}},"loc":{"start":{"line":66,"column":43},"end":{"line":66,"column":63}},"line":66},"5":{"name":"(anonymous_5)","decl":{"start":{"line":67,"column":37},"end":{"line":67,"column":38}},"loc":{"start":{"line":67,"column":43},"end":{"line":67,"column":62}},"line":67}},"branchMap":{"0":{"loc":{"start":{"line":65,"column":16},"end":{"line":67,"column":78}},"type":"cond-expr","locations":[{"start":{"line":66,"column":20},"end":{"line":66,"column":80}},{"start":{"line":67,"column":20},"end":{"line":67,"column":78}}],"line":65}},"s":{"0":1,"1":2,"2":1,"3":0,"4":1,"5":2,"6":2,"7":2,"8":2,"9":2,"10":2,"11":0,"12":0},"f":{"0":2,"1":0,"2":2,"3":2,"4":0,"5":0},"b":{"0":[0,2]},"_coverageSchema":"1a1c01bbd47fc00a2c39e90264f33305004495a9","hash":"035c294e73fc495dc58aa5be305c948c623da0ee"}
,"D:\\chetan\\namaste react\\lecture 13 - Time for the test\\scr\\components\\RestrauntCard.js": {"path":"D:\\chetan\\namaste react\\lecture 13 - Time for the test\\scr\\components\\RestrauntCard.js","statementMap":{"0":{"start":{"line":5,"column":29},"end":{"line":18,"column":1}},"1":{"start":{"line":7,"column":19},"end":{"line":7,"column":42}},"2":{"start":{"line":9,"column":4},"end":{"line":17,"column":5}}},"fnMap":{"0":{"name":"(anonymous_0)","decl":{"start":{"line":5,"column":29},"end":{"line":5,"column":30}},"loc":{"start":{"line":5,"column":97},"end":{"line":18,"column":1}},"line":5}},"branchMap":{},"s":{"0":1,"1":0,"2":0},"f":{"0":0},"b":{},"_coverageSchema":"1a1c01bbd47fc00a2c39e90264f33305004495a9","hash":"aee506d998df546eadc5e5ff35dc79ad1d699b81"}
,"D:\\chetan\\namaste react\\lecture 13 - Time for the test\\scr\\components\\Simmer.js": {"path":"D:\\chetan\\namaste react\\lecture 13 - Time for the test\\scr\\components\\Simmer.js","statementMap":{"0":{"start":{"line":4,"column":2},"end":{"line":14,"column":3}},"1":{"start":{"line":9,"column":10},"end":{"line":11,"column":16}}},"fnMap":{"0":{"name":"Simmer","decl":{"start":{"line":3,"column":9},"end":{"line":3,"column":15}},"loc":{"start":{"line":3,"column":18},"end":{"line":15,"column":1}},"line":3},"1":{"name":"(anonymous_1)","decl":{"start":{"line":8,"column":13},"end":{"line":8,"column":14}},"loc":{"start":{"line":9,"column":10},"end":{"line":11,"column":16}},"line":9}},"branchMap":{},"s":{"0":1,"1":15},"f":{"0":1,"1":15},"b":{},"_coverageSchema":"1a1c01bbd47fc00a2c39e90264f33305004495a9","hash":"4800ce1739ec47fc9f35e5e657999aa55f239697"}
,"D:\\chetan\\namaste react\\lecture 13 - Time for the test\\scr\\components\\sum.js": {"path":"D:\\chetan\\namaste react\\lecture 13 - Time for the test\\scr\\components\\sum.js","statementMap":{"0":{"start":{"line":1,"column":19},"end":{"line":1,"column":37}},"1":{"start":{"line":1,"column":32},"end":{"line":1,"column":37}}},"fnMap":{"0":{"name":"(anonymous_0)","decl":{"start":{"line":1,"column":19},"end":{"line":1,"column":20}},"loc":{"start":{"line":1,"column":32},"end":{"line":1,"column":37}},"line":1}},"branchMap":{},"s":{"0":1,"1":1},"f":{"0":1},"b":{},"_coverageSchema":"1a1c01bbd47fc00a2c39e90264f33305004495a9","hash":"affa92ece84bb604d9bbe360d509db36cd64b093"}
,"D:\\chetan\\namaste react\\lecture 13 - Time for the test\\scr\\mocks\\data.js": {"path":"D:\\chetan\\namaste react\\lecture 13 - Time for the test\\scr\\mocks\\data.js","statementMap":{"0":{"start":{"line":1,"column":31},"end":{"line":3,"column":1}}},"fnMap":{},"branchMap":{},"s":{"0":1},"f":{},"b":{},"_coverageSchema":"1a1c01bbd47fc00a2c39e90264f33305004495a9","hash":"af7b9de54a92c5cee824777c6baf99fc70c4a650"}
,"D:\\chetan\\namaste react\\lecture 13 - Time for the test\\scr\\mocks\\dummyLogo.js": {"path":"D:\\chetan\\namaste react\\lecture 13 - Time for the test\\scr\\mocks\\dummyLogo.js","statementMap":{},"fnMap":{},"branchMap":{},"s":{},"f":{},"b":{},"_coverageSchema":"1a1c01bbd47fc00a2c39e90264f33305004495a9","hash":"082e38d031ad4f544b071c0f1f0ed70c1b116243"}
,"D:\\chetan\\namaste react\\lecture 13 - Time for the test\\scr\\utils\\UserContext.js": {"path":"D:\\chetan\\namaste react\\lecture 13 - Time for the test\\scr\\utils\\UserContext.js","statementMap":{"0":{"start":{"line":5,"column":20},"end":{"line":10,"column":2}}},"fnMap":{},"branchMap":{},"s":{"0":2},"f":{},"b":{},"_coverageSchema":"1a1c01bbd47fc00a2c39e90264f33305004495a9","hash":"13a0319a1c370cd5b4b089d7659175feb72699be"}
,"D:\\chetan\\namaste react\\lecture 13 - Time for the test\\scr\\utils\\cartSlice.js": {"path":"D:\\chetan\\namaste react\\lecture 13 - Time for the test\\scr\\utils\\cartSlice.js","statementMap":{"0":{"start":{"line":3,"column":18},"end":{"line":27,"column":2}},"1":{"start":{"line":14,"column":12},"end":{"line":14,"column":45}},"2":{"start":{"line":19,"column":12},"end":{"line":19,"column":30}},"3":{"start":{"line":23,"column":12},"end":{"line":23,"column":29}},"4":{"start":{"line":29,"column":50},"end":{"line":29,"column":67}}},"fnMap":{"0":{"name":"(anonymous_0)","decl":{"start":{"line":10,"column":17},"end":{"line":10,"column":18}},"loc":{"start":{"line":10,"column":37},"end":{"line":16,"column":9}},"line":10},"1":{"name":"(anonymous_1)","decl":{"start":{"line":18,"column":20},"end":{"line":18,"column":21}},"loc":{"start":{"line":18,"column":39},"end":{"line":20,"column":9}},"line":18},"2":{"name":"(anonymous_2)","decl":{"start":{"line":22,"column":19},"end":{"line":22,"column":20}},"loc":{"start":{"line":22,"column":30},"end":{"line":24,"column":9}},"line":22}},"branchMap":{},"s":{"0":2,"1":0,"2":0,"3":0,"4":2},"f":{"0":0,"1":0,"2":0},"b":{},"_coverageSchema":"1a1c01bbd47fc00a2c39e90264f33305004495a9","hash":"769171c2e3fa3b26780227977dfcc03c543fd14d"}
,"D:\\chetan\\namaste react\\lecture 13 - Time for the test\\scr\\utils\\helper.js": {"path":"D:\\chetan\\namaste react\\lecture 13 - Time for the test\\scr\\utils\\helper.js","statementMap":{"0":{"start":{"line":2,"column":23},"end":{"line":5,"column":5}},"1":{"start":{"line":4,"column":8},"end":{"line":4,"column":81}},"2":{"start":{"line":7,"column":4},"end":{"line":7,"column":21}}},"fnMap":{"0":{"name":"filterData","decl":{"start":{"line":1,"column":16},"end":{"line":1,"column":26}},"loc":{"start":{"line":1,"column":52},"end":{"line":8,"column":3}},"line":1},"1":{"name":"(anonymous_1)","decl":{"start":{"line":3,"column":6},"end":{"line":3,"column":7}},"loc":{"start":{"line":4,"column":8},"end":{"line":4,"column":81}},"line":4}},"branchMap":{},"s":{"0":0,"1":0,"2":0},"f":{"0":0,"1":0},"b":{},"_coverageSchema":"1a1c01bbd47fc00a2c39e90264f33305004495a9","hash":"63467ad21aef9ed7d08fe7309ba81b21e2ac691a"}
,"D:\\chetan\\namaste react\\lecture 13 - Time for the test\\scr\\utils\\store.js": {"path":"D:\\chetan\\namaste react\\lecture 13 - Time for the test\\scr\\utils\\store.js","statementMap":{"0":{"start":{"line":4,"column":14},"end":{"line":9,"column":2}}},"fnMap":{},"branchMap":{},"s":{"0":2},"f":{},"b":{},"_coverageSchema":"1a1c01bbd47fc00a2c39e90264f33305004495a9","hash":"7005dab502ff5deb5473680a251233336d48e945"}
,"D:\\chetan\\namaste react\\lecture 13 - Time for the test\\scr\\utils\\useOnline.js": {"path":"D:\\chetan\\namaste react\\lecture 13 - Time for the test\\scr\\utils\\useOnline.js","statementMap":{"0":{"start":{"line":3,"column":18},"end":{"line":32,"column":1}},"1":{"start":{"line":5,"column":36},"end":{"line":5,"column":50}},"2":{"start":{"line":7,"column":4},"end":{"line":28,"column":10}},"3":{"start":{"line":9,"column":29},"end":{"line":11,"column":9}},"4":{"start":{"line":10,"column":12},"end":{"line":10,"column":29}},"5":{"start":{"line":13,"column":30},"end":{"line":15,"column":9}},"6":{"start":{"line":14,"column":12},"end":{"line":14,"column":30}},"7":{"start":{"line":18,"column":8},"end":{"line":18,"column":57}},"8":{"start":{"line":21,"column":8},"end":{"line":21,"column":59}},"9":{"start":{"line":23,"column":8},"end":{"line":26,"column":9}},"10":{"start":{"line":24,"column":12},"end":{"line":24,"column":64}},"11":{"start":{"line":25,"column":12},"end":{"line":25,"column":66}},"12":{"start":{"line":31,"column":4},"end":{"line":31,"column":20}}},"fnMap":{"0":{"name":"(anonymous_0)","decl":{"start":{"line":3,"column":18},"end":{"line":3,"column":19}},"loc":{"start":{"line":3,"column":24},"end":{"line":32,"column":1}},"line":3},"1":{"name":"(anonymous_1)","decl":{"start":{"line":7,"column":14},"end":{"line":7,"column":15}},"loc":{"start":{"line":7,"column":20},"end":{"line":28,"column":5}},"line":7},"2":{"name":"(anonymous_2)","decl":{"start":{"line":9,"column":29},"end":{"line":9,"column":30}},"loc":{"start":{"line":9,"column":35},"end":{"line":11,"column":9}},"line":9},"3":{"name":"(anonymous_3)","decl":{"start":{"line":13,"column":30},"end":{"line":13,"column":31}},"loc":{"start":{"line":13,"column":36},"end":{"line":15,"column":9}},"line":13},"4":{"name":"(anonymous_4)","decl":{"start":{"line":23,"column":14},"end":{"line":23,"column":15}},"loc":{"start":{"line":23,"column":18},"end":{"line":26,"column":9}},"line":23}},"branchMap":{},"s":{"0":1,"1":1,"2":1,"3":1,"4":0,"5":1,"6":0,"7":1,"8":1,"9":1,"10":1,"11":1,"12":1},"f":{"0":1,"1":1,"2":0,"3":0,"4":1},"b":{},"_coverageSchema":"1a1c01bbd47fc00a2c39e90264f33305004495a9","hash":"7f0d7dc00bdd974de35053e5645359fa63b9708e"}
}
