TN:
SF:scr\constant.js
FNF:0
FNH:0
DA:1,1
DA:4,1
DA:758,1
LF:3
LH:3
BRF:0
BRH:0
end_of_record
TN:
SF:scr\components\Body.js
FN:10,(anonymous_0)
FN:19,(anonymous_1)
FN:25,getRestaurants
FN:46,(anonymous_3)
FN:49,(anonymous_4)
FN:56,(anonymous_5)
FN:62,(anonymous_6)
FN:72,(anonymous_7)
FNF:8
FNH:3
FNDA:1,(anonymous_0)
FNDA:1,(anonymous_1)
FNDA:1,getRestaurants
FNDA:0,(anonymous_3)
FNDA:0,(anonymous_4)
FNDA:0,(anonymous_5)
FNDA:0,(anonymous_6)
FNDA:0,(anonymous_7)
DA:10,1
DA:12,1
DA:13,1
DA:14,1
DA:17,1
DA:19,1
DA:20,1
DA:24,1
DA:26,1
DA:28,1
DA:29,1
DA:30,1
DA:35,1
DA:36,1
DA:37,0
DA:41,1
DA:47,0
DA:50,0
DA:51,0
DA:56,0
DA:62,0
DA:74,0
LF:22
LH:15
BRDA:24,0,0,0
BRDA:24,0,1,1
BRDA:36,1,0,0
BRDA:36,1,1,1
BRDA:41,2,0,1
BRDA:41,2,1,0
BRF:6
BRH:3
end_of_record
TN:
SF:scr\components\Header.js
FN:10,(anonymous_0)
FN:21,(anonymous_1)
FN:26,(anonymous_2)
FN:33,(anonymous_3)
FN:66,(anonymous_4)
FN:67,(anonymous_5)
FNF:6
FNH:3
FNDA:2,(anonymous_0)
FNDA:0,(anonymous_1)
FNDA:2,(anonymous_2)
FNDA:2,(anonymous_3)
FNDA:0,(anonymous_4)
FNDA:0,(anonymous_5)
DA:10,1
DA:11,2
DA:21,1
DA:22,0
DA:26,1
DA:28,2
DA:30,2
DA:33,2
DA:34,2
DA:36,2
DA:66,0
DA:67,0
LF:12
LH:9
BRDA:65,0,0,0
BRDA:65,0,1,2
BRF:2
BRH:1
end_of_record
TN:
SF:scr\components\RestrauntCard.js
FN:5,(anonymous_0)
FNF:1
FNH:0
FNDA:0,(anonymous_0)
DA:5,1
DA:7,0
DA:9,0
LF:3
LH:1
BRF:0
BRH:0
end_of_record
TN:
SF:scr\components\Simmer.js
FN:3,Simmer
FN:8,(anonymous_1)
FNF:2
FNH:2
FNDA:1,Simmer
FNDA:15,(anonymous_1)
DA:4,1
DA:9,15
LF:2
LH:2
BRF:0
BRH:0
end_of_record
TN:
SF:scr\components\sum.js
FN:1,(anonymous_0)
FNF:1
FNH:1
FNDA:1,(anonymous_0)
DA:1,1
LF:1
LH:1
BRF:0
BRH:0
end_of_record
TN:
SF:scr\mocks\data.js
FNF:0
FNH:0
DA:1,1
LF:1
LH:1
BRF:0
BRH:0
end_of_record
TN:
SF:scr\mocks\dummyLogo.js
FNF:0
FNH:0
LF:0
LH:0
BRF:0
BRH:0
end_of_record
TN:
SF:scr\utils\UserContext.js
FNF:0
FNH:0
DA:5,2
LF:1
LH:1
BRF:0
BRH:0
end_of_record
TN:
SF:scr\utils\cartSlice.js
FN:10,(anonymous_0)
FN:18,(anonymous_1)
FN:22,(anonymous_2)
FNF:3
FNH:0
FNDA:0,(anonymous_0)
FNDA:0,(anonymous_1)
FNDA:0,(anonymous_2)
DA:3,2
DA:14,0
DA:19,0
DA:23,0
DA:29,2
LF:5
LH:2
BRF:0
BRH:0
end_of_record
TN:
SF:scr\utils\helper.js
FN:1,filterData
FN:3,(anonymous_1)
FNF:2
FNH:0
FNDA:0,filterData
FNDA:0,(anonymous_1)
DA:2,0
DA:4,0
DA:7,0
LF:3
LH:0
BRF:0
BRH:0
end_of_record
TN:
SF:scr\utils\store.js
FNF:0
FNH:0
DA:4,2
LF:1
LH:1
BRF:0
BRH:0
end_of_record
TN:
SF:scr\utils\useOnline.js
FN:3,(anonymous_0)
FN:7,(anonymous_1)
FN:9,(anonymous_2)
FN:13,(anonymous_3)
FN:23,(anonymous_4)
FNF:5
FNH:3
FNDA:1,(anonymous_0)
FNDA:1,(anonymous_1)
FNDA:0,(anonymous_2)
FNDA:0,(anonymous_3)
FNDA:1,(anonymous_4)
DA:3,1
DA:5,1
DA:7,1
DA:9,1
DA:10,0
DA:13,1
DA:14,0
DA:18,1
DA:21,1
DA:23,1
DA:24,1
DA:25,1
DA:31,1
LF:13
LH:11
BRF:0
BRH:0
end_of_record
